E:\TSS\node_modules\mysql\lib\protocol\Parser.js:437
      throw err; // Rethrow non-MySQL errors
      ^

Error: ER_ACCESS_DENIED_ERROR: Access denied for user ''@'localhost' (using password: NO)
    at Handshake.Sequence._packetToError (E:\TSS\node_modules\mysql\lib\protocol\sequences\Sequence.js:47:14)
    at Handshake.ErrorPacket (E:\TSS\node_modules\mysql\lib\protocol\sequences\Handshake.js:123:18)
    at Protocol._parsePacket (E:\TSS\node_modules\mysql\lib\protocol\Protocol.js:291:23)
    at Parser._parsePacket (E:\TSS\node_modules\mysql\lib\protocol\Parser.js:433:10)
    at Parser.write (E:\TSS\node_modules\mysql\lib\protocol\Parser.js:43:10)
    at Protocol.write (E:\TSS\node_modules\mysql\lib\protocol\Protocol.js:38:16)
    at Socket.<anonymous> (E:\TSS\node_modules\mysql\lib\Connection.js:88:28)
    at Socket.<anonymous> (E:\TSS\node_modules\mysql\lib\Connection.js:526:10)
    at Socket.emit (node:events:390:28)
    at addChunk (node:internal/streams/readable:315:12)
    at readableAddChunk (node:internal/streams/readable:289:9)
    at Socket.Readable.push (node:internal/streams/readable:228:10)
    at TCP.onStreamRead (node:internal/stream_base_commons:199:23)
    --------------------
    at Protocol._enqueue (E:\TSS\node_modules\mysql\lib\protocol\Protocol.js:144:48)
    at Protocol.handshake (E:\TSS\node_modules\mysql\lib\protocol\Protocol.js:51:23)
    at PoolConnection.connect (E:\TSS\node_modules\mysql\lib\Connection.js:116:18)
    at Pool.getConnection (E:\TSS\node_modules\mysql\lib\Pool.js:48:16)
    at exports.login_form (E:\TSS\services\controllers\userController.js:101:14)
    at Layer.handle [as handle_request] (E:\TSS\node_modules\express\lib\router\layer.js:95:5)
    at next (E:\TSS\node_modules\express\lib\router\route.js:137:13)
    at Route.dispatch (E:\TSS\node_modules\express\lib\router\route.js:112:3)
    at Layer.handle [as handle_request] (E:\TSS\node_modules\express\lib\router\layer.js:95:5)
    at E:\TSS\node_modules\express\lib\router\index.js:281:22
    at Function.process_params (E:\TSS\node_modules\express\lib\router\index.js:335:12)
    at next (E:\TSS\node_modules\express\lib\router\index.js:275:10)
    at Immediate.<anonymous> (E:\TSS\node_modules\express-session\index.js:506:7)
    at processImmediate (node:internal/timers:466:21) {
  code: 'ER_ACCESS_DENIED_ERROR',
  errno: 1045,
  sqlMessage: "Access denied for user ''@'localhost' (using password: NO)",
  sqlState: '28000',
  fatal: true
}
